<?xml version="1.0" encoding="UTF-8"?>
<!-- Generated by org.testng.reporters.JUnitReportReporter -->
<testsuite hostname="DESKTOP-PC1K4CV" failures="0" tests="1" name="com.acti.driver.DriverManager" time="6.407" errors="0" timestamp="2023-04-12T18:45:56 EDT" skipped="0">
  <testcase classname="com.acti.driver.DriverManager" name="initApplication" time="6.407"/>
  <system-out/>
</testsuite> <!-- com.acti.driver.DriverManager -->
