<?xml version="1.0" encoding="UTF-8"?>
<!-- Generated by org.testng.reporters.JUnitReportReporter -->
<testsuite hostname="DESKTOP-PC1K4CV" failures="0" tests="4" name="com.acti.testcase.LoginPageTest" time="24.252" errors="0" timestamp="2023-04-13T19:36:58 EDT" skipped="0">
  <testcase classname="com.acti.testcase.LoginPageTest" name="testLoginPageTitle" time="6.816"/>
  <system-out/>
  <testcase classname="com.acti.testcase.LoginPageTest" name="testactiLogoisDisplayed" time="4.820"/>
  <system-out/>
  <testcase classname="com.acti.testcase.LoginPageTest" name="testactiLinkisDisplayed" time="4.744"/>
  <system-out/>
  <testcase classname="com.acti.testcase.LoginPageTest" name="testLoginFunction" time="7.872"/>
  <system-out/>
</testsuite> <!-- com.acti.testcase.LoginPageTest -->
